<?xml version="1.0" encoding="UTF-8"?>
<testsuites name="jest tests" tests="1" failures="0" errors="0" time="0.282">
  <testsuite name="GET /" errors="0" failures="0" skipped="0" timestamp="2025-05-30T14:05:41" time="0.264" tests="1">
    <testcase classname="GET / responds with Hello message" name="GET / responds with Hello message" time="0.019">
    </testcase>
  </testsuite>
</testsuites>